#
# A fatal error has been detected by the Java Runtime Environment:
#
#  Internal Error (javaClasses.cpp:127), pid=10876, tid=7360
#  fatal error: Invalid layout of preloaded class
#
# JRE version:  (8.0_40-b26) (build )
# Java VM: Java HotSpot(TM) 64-Bit Server VM (25.40-b25 mixed mode windows-amd64 compressed oops)
# Failed to write core dump. Minidumps are not enabled by default on client versions of Windows
#
# If you would like to submit a bug report, please visit:
#   http://bugreport.java.com/bugreport/crash.jsp
#

---------------  T H R E A D  ---------------

Current thread (0x0000000002b5e000):  JavaThread "Unknown thread" [_thread_in_vm, id=7360, stack(0x00000000028a0000,0x00000000029a0000)]

Stack: [0x00000000028a0000,0x00000000029a0000]
Native frames: (J=compiled Java code, j=interpreted, Vv=VM code, C=native code)
V  [jvm.dll+0x32b47a]
V  [jvm.dll+0x2797f3]
V  [jvm.dll+0x27a489]
V  [jvm.dll+0x271726]
V  [jvm.dll+0x67fd3]
V  [jvm.dll+0x680c3]
V  [jvm.dll+0x7d63a]
V  [jvm.dll+0x7d9a6]
V  [jvm.dll+0xf2077]
V  [jvm.dll+0xf2406]
V  [jvm.dll+0x20f107]
V  [jvm.dll+0x240d9a]
V  [jvm.dll+0x15b941]
C  [javaw.exe+0x217e]
C  [javaw.exe+0xcd17]
C  [javaw.exe+0xcdab]
C  [KERNEL32.DLL+0x13d2]
C  [ntdll.dll+0x15454]


---------------  P R O C E S S  ---------------

Java Threads: ( => current thread )

Other Threads:

=>0x0000000002b5e000 (exited) JavaThread "Unknown thread" [_thread_in_vm, id=7360, stack(0x00000000028a0000,0x00000000029a0000)]

VM state:not at safepoint (not fully initialized)

VM Mutex/Monitor currently owned by a thread: None

GC Heap History (0 events):
No events

Deoptimization events (0 events):
No events

Internal exceptions (0 events):
No events

Events (10 events):
Event: 0.015 loading class java/lang/CharSequence done
Event: 0.015 loading class java/lang/String done
Event: 0.015 loading class java/lang/Class
Event: 0.015 loading class java/lang/reflect/AnnotatedElement
Event: 0.015 loading class java/lang/reflect/AnnotatedElement done
Event: 0.015 loading class java/lang/reflect/GenericDeclaration
Event: 0.015 loading class java/lang/reflect/GenericDeclaration done
Event: 0.015 loading class java/lang/reflect/Type
Event: 0.015 loading class java/lang/reflect/Type done
Event: 0.016 loading class java/lang/Class done


Dynamic libraries:
0x00007ff7a37d0000 - 0x00007ff7a3807000 	C:\Program Files\Java\jre1.8.0_40\bin\javaw.exe
0x00007ffbd3d10000 - 0x00007ffbd3ebc000 	C:\Windows\SYSTEM32\ntdll.dll
0x00007ffbd1c80000 - 0x00007ffbd1dbe000 	C:\Windows\system32\KERNEL32.DLL
0x00007ffbd0ff0000 - 0x00007ffbd1105000 	C:\Windows\system32\KERNELBASE.dll
0x00007ffbcfa10000 - 0x00007ffbcfa9e000 	C:\Windows\system32\apphelp.dll
0x00007ffbbe6c0000 - 0x00007ffbbe713000 	C:\Windows\AppPatch\AppPatch64\AcGenral.DLL
0x00007ffbd2020000 - 0x00007ffbd20ca000 	C:\Windows\system32\msvcrt.dll
0x00007ffbd0ca0000 - 0x00007ffbd0cce000 	C:\Windows\SYSTEM32\SspiCli.dll
0x00007ffbd1640000 - 0x00007ffbd1694000 	C:\Windows\system32\SHLWAPI.dll
0x00007ffbd1460000 - 0x00007ffbd15d7000 	C:\Windows\system32\USER32.dll
0x00007ffbd3b70000 - 0x00007ffbd3d04000 	C:\Windows\system32\ole32.dll
0x00007ffbd2470000 - 0x00007ffbd3989000 	C:\Windows\system32\SHELL32.dll
0x00007ffbd0470000 - 0x00007ffbd0491000 	C:\Windows\SYSTEM32\USERENV.dll
0x00007ffbd17e0000 - 0x00007ffbd188a000 	C:\Windows\system32\ADVAPI32.dll
0x00007ffbc25a0000 - 0x00007ffbc25be000 	C:\Windows\SYSTEM32\MPR.dll
0x00007ffbd20f0000 - 0x00007ffbd2231000 	C:\Windows\system32\RPCRT4.dll
0x00007ffbd15e0000 - 0x00007ffbd1639000 	C:\Windows\SYSTEM32\sechost.dll
0x00007ffbd2250000 - 0x00007ffbd2461000 	C:\Windows\SYSTEM32\combase.dll
0x00007ffbd18a0000 - 0x00007ffbd19f0000 	C:\Windows\system32\GDI32.dll
0x00007ffbd0e70000 - 0x00007ffbd0e85000 	C:\Windows\SYSTEM32\profapi.dll
0x00007ffbcf670000 - 0x00007ffbcf722000 	C:\Windows\SYSTEM32\SHCORE.dll
0x00007ffbd1dc0000 - 0x00007ffbd1df6000 	C:\Windows\system32\IMM32.DLL
0x00007ffbd1b20000 - 0x00007ffbd1c72000 	C:\Windows\system32\MSCTF.dll
0x00007ffbce950000 - 0x00007ffbcebca000 	C:\Windows\WinSxS\amd64_microsoft.windows.common-controls_6595b64144ccf1df_6.0.9600.17810_none_6240b9c7ecbd0bda\COMCTL32.dll
0x0000000054bc0000 - 0x0000000054c92000 	C:\Program Files\Java\jre1.8.0_40\bin\msvcr100.dll
0x0000000054e00000 - 0x0000000055683000 	C:\Program Files\Java\jre1.8.0_40\bin\server\jvm.dll
0x00007ffbc7030000 - 0x00007ffbc7039000 	C:\Windows\SYSTEM32\WSOCK32.dll
0x00007ffbceda0000 - 0x00007ffbcedc2000 	C:\Windows\SYSTEM32\WINMM.dll
0x00007ffbcedd0000 - 0x00007ffbcedda000 	C:\Windows\SYSTEM32\VERSION.dll
0x00007ffbd1890000 - 0x00007ffbd1897000 	C:\Windows\system32\PSAPI.DLL
0x00007ffbd19f0000 - 0x00007ffbd1a4a000 	C:\Windows\system32\WS2_32.dll
0x00007ffbce860000 - 0x00007ffbce88a000 	C:\Windows\SYSTEM32\WINMMBASE.dll
0x00007ffbd2240000 - 0x00007ffbd2249000 	C:\Windows\system32\NSI.dll
0x00007ffbd1110000 - 0x00007ffbd115f000 	C:\Windows\SYSTEM32\cfgmgr32.dll
0x00007ffbcfc60000 - 0x00007ffbcfc88000 	C:\Windows\SYSTEM32\DEVOBJ.dll
0x00000000568f0000 - 0x00000000568ff000 	C:\Program Files\Java\jre1.8.0_40\bin\verify.dll
0x0000000056200000 - 0x0000000056229000 	C:\Program Files\Java\jre1.8.0_40\bin\java.dll
0x0000000055d50000 - 0x0000000055d85000 	C:\Program Files\Java\jre1.8.0_40\bin\jdwp.dll
0x00000000561d0000 - 0x00000000561d8000 	C:\Program Files\Java\jre1.8.0_40\bin\npt.dll
0x00000000561e0000 - 0x00000000561f6000 	C:\Program Files\Java\jre1.8.0_40\bin\zip.dll
0x00007ffbba170000 - 0x00007ffbba2f9000 	C:\Windows\SYSTEM32\dbghelp.dll

VM Arguments:
jvm_args: -agentlib:jdwp=transport=dt_socket,suspend=y,address=localhost:56979 -Dfile.encoding=Cp1252 -Xbootclasspath:C:\AndroidSDK\platforms\android-21\android.jar 
java_command: com.skula.killervsinspector.models.Board
java_class_path (initial): C:\Users\Stephane\git\killervsinspector\KillerVsInspector\bin\classes;C:\Users\Stephane\git\killervsinspector\KillerVsInspector\libs\android-support-v4.jar
Launcher Type: SUN_STANDARD

Environment Variables:
PATH=C:/Program Files/Java/jre1.8.0_40/bin/server;C:/Program Files/Java/jre1.8.0_40/bin;C:/Program Files/Java/jre1.8.0_40/lib/amd64;C:\ProgramData\Oracle\Java\javapath;C:\Program Files\Broadcom\Broadcom 802.11 Network Adapter;;C:\Program Files (x86)\Intel\iCLS Client\;C:\Program Files\Intel\iCLS Client\;C:\Windows\system32;C:\Windows;C:\Windows\System32\Wbem;C:\Windows\System32\WindowsPowerShell\v1.0\;C:\Program Files\Intel\Intel(R) Management Engine Components\DAL;C:\Program Files\Intel\Intel(R) Management Engine Components\IPT;C:\Program Files (x86)\Intel\Intel(R) Management Engine Components\DAL;C:\Program Files (x86)\Intel\Intel(R) Management Engine Components\IPT;C:\Program Files\WIDCOMM\Bluetooth Software\;C:\Program Files\WIDCOMM\Bluetooth Software\syswow64;C:\Program Files (x86)\QuickTime\QTSystem\;C:\Program Files (x86)\NVIDIA Corporation\PhysX\Common;C:\eclipse;
USERNAME=Stephane
OS=Windows_NT
PROCESSOR_IDENTIFIER=Intel64 Family 6 Model 60 Stepping 3, GenuineIntel



---------------  S Y S T E M  ---------------

OS: Windows 8.1 , 64 bit Build 9600 (6.3.9600.17415)

CPU:total 4 (2 cores per cpu, 2 threads per core) family 6 model 60 stepping 3, cmov, cx8, fxsr, mmx, sse, sse2, sse3, ssse3, sse4.1, sse4.2, popcnt, avx, avx2, aes, clmul, erms, lzcnt, ht, tsc, tscinvbit, bmi1, bmi2

Memory: 4k page, physical 8268824k(5021384k free), swap 9579544k(5722732k free)

vm_info: Java HotSpot(TM) 64-Bit Server VM (25.40-b25) for windows-amd64 JRE (1.8.0_40-b26), built on Mar  7 2015 13:51:59 by "java_re" with MS VC++ 10.0 (VS2010)

time: Wed Aug 19 18:17:50 2015
elapsed time: 0 seconds (0d 0h 0m 0s)

